<?xml version="1.0" encoding="UTF-8"?>
<!-- Generated by org.testng.reporters.JUnitXMLReporter -->
<testsuite ignored="0" hostname="SL-1134" failures="0" tests="2" name="Simple Emulator Test Android" time="85.376" errors="0" timestamp="09 Dec 2020 19:15:39 GMT">
  <testcase classname="tests.Mobile_Android_EMU_Test" name="loginTestValidProblem" time="7.991"/>
  <testcase classname="tests.Mobile_Android_EMU_Test" name="loginToSwagLabsTestValid" time="6.788"/>
</testsuite> <!-- Simple Emulator Test Android -->
