<?xml version="1.0" encoding="UTF-8"?>
<!-- Generated by org.testng.reporters.JUnitXMLReporter -->
<testsuite ignored="0" hostname="SL-1134" failures="0" tests="2" name="Simple Emulator Test Android" time="71.321" errors="0" timestamp="07 Dec 2020 18:40:32 GMT">
  <testcase classname="tests.Mobile_Android_EMU_Test" name="loginTestValidProblem" time="7.092"/>
  <testcase classname="tests.Mobile_Android_EMU_Test" name="loginToSwagLabsTestValid" time="8.61"/>
</testsuite> <!-- Simple Emulator Test Android -->
