<?xml version="1.0" encoding="UTF-8"?>
<testng-results ignored="0" total="2" passed="2" failed="0" skipped="0">
  <reporter-output>
  </reporter-output>
  <suite started-at="2020-12-02T18:25:53Z" name="Android Demo Suite" finished-at="2020-12-02T18:26:34Z" duration-ms="41585">
    <groups>
    </groups>
    <test started-at="2020-12-02T18:25:53Z" name="Simple execution tests Android" finished-at="2020-12-02T18:26:34Z" duration-ms="41585">
      <class name="tests.BasicTest">
        <test-method is-config="true" signature="setUp()[pri:0, instance:tests.BasicTest@31206beb]" started-at="2020-12-02T18:25:53Z" name="setUp" finished-at="2020-12-02T18:26:04Z" duration-ms="11610" status="PASS">
          <reporter-output>
          </reporter-output>
        </test-method> <!-- setUp -->
        <test-method signature="loginTestValidProblem()[pri:0, instance:tests.BasicTest@31206beb]" started-at="2020-12-02T18:26:04Z" name="loginTestValidProblem" finished-at="2020-12-02T18:26:13Z" duration-ms="8402" status="PASS">
          <reporter-output>
          </reporter-output>
        </test-method> <!-- loginTestValidProblem -->
        <test-method is-config="true" signature="tearDown()[pri:0, instance:tests.BasicTest@31206beb]" started-at="2020-12-02T18:26:13Z" name="tearDown" finished-at="2020-12-02T18:26:13Z" duration-ms="547" status="PASS">
          <reporter-output>
          </reporter-output>
        </test-method> <!-- tearDown -->
        <test-method is-config="true" signature="setUp()[pri:0, instance:tests.BasicTest@31206beb]" started-at="2020-12-02T18:26:13Z" name="setUp" finished-at="2020-12-02T18:26:25Z" duration-ms="11515" status="PASS">
          <reporter-output>
          </reporter-output>
        </test-method> <!-- setUp -->
        <test-method signature="loginToSwagLabsTestValid()[pri:0, instance:tests.BasicTest@31206beb]" started-at="2020-12-02T18:26:25Z" name="loginToSwagLabsTestValid" finished-at="2020-12-02T18:26:33Z" duration-ms="8807" status="PASS">
          <reporter-output>
          </reporter-output>
        </test-method> <!-- loginToSwagLabsTestValid -->
        <test-method is-config="true" signature="tearDown()[pri:0, instance:tests.BasicTest@31206beb]" started-at="2020-12-02T18:26:33Z" name="tearDown" finished-at="2020-12-02T18:26:34Z" duration-ms="685" status="PASS">
          <reporter-output>
          </reporter-output>
        </test-method> <!-- tearDown -->
      </class> <!-- tests.BasicTest -->
    </test> <!-- Simple execution tests Android -->
  </suite> <!-- Android Demo Suite -->
</testng-results>
