<?xml version="1.0" encoding="UTF-8"?>
<testsuite xmlns:xsi="http://www.w3.org/2001/XMLSchema-instance" xsi:noNamespaceSchemaLocation="https://maven.apache.org/surefire/maven-surefire-plugin/xsd/surefire-test-report-3.0.xsd" version="3.0" name="TestSuite" time="85.697" tests="2" errors="0" skipped="0" failures="0">
  <properties>
[...]
</properties>
  <testcase name="loginTestValidProblem" classname="tests.Mobile_Android_EMU_Test" time="7.991"/>
  <testcase name="loginToSwagLabsTestValid" classname="tests.Mobile_Android_EMU_Test" time="6.788"/>
</testsuite>