<?xml version="1.0" encoding="UTF-8"?>
<testng-results ignored="0" total="2" passed="2" failed="0" skipped="0">
  <reporter-output>
  </reporter-output>
  <suite started-at="2020-12-09T19:14:13Z" name="Android Mobile Demo Suite" finished-at="2020-12-09T19:15:39Z" duration-ms="85376">
    <groups>
    </groups>
    <test started-at="2020-12-09T19:14:13Z" name="Simple Emulator Test Android" finished-at="2020-12-09T19:15:39Z" duration-ms="85376">
      <class name="tests.Mobile_Android_EMU_Test">
        <test-method is-config="true" signature="setUp()[pri:0, instance:tests.Mobile_Android_EMU_Test@31206beb]" started-at="2020-12-09T19:14:13Z" name="setUp" finished-at="2020-12-09T19:14:46Z" duration-ms="33102" status="PASS">
          <reporter-output>
          </reporter-output>
        </test-method> <!-- setUp -->
        <test-method signature="loginTestValidProblem()[pri:0, instance:tests.Mobile_Android_EMU_Test@31206beb]" started-at="2020-12-09T19:14:46Z" name="loginTestValidProblem" finished-at="2020-12-09T19:14:54Z" duration-ms="7991" status="PASS">
          <reporter-output>
          </reporter-output>
        </test-method> <!-- loginTestValidProblem -->
        <test-method is-config="true" signature="teardown()[pri:0, instance:tests.Mobile_Android_EMU_Test@31206beb]" started-at="2020-12-09T19:14:54Z" name="teardown" finished-at="2020-12-09T19:14:55Z" duration-ms="331" status="PASS">
          <reporter-output>
          </reporter-output>
        </test-method> <!-- teardown -->
        <test-method is-config="true" signature="setUp()[pri:0, instance:tests.Mobile_Android_EMU_Test@31206beb]" started-at="2020-12-09T19:14:55Z" name="setUp" finished-at="2020-12-09T19:15:31Z" duration-ms="36782" status="PASS">
          <reporter-output>
          </reporter-output>
        </test-method> <!-- setUp -->
        <test-method signature="loginToSwagLabsTestValid()[pri:0, instance:tests.Mobile_Android_EMU_Test@31206beb]" started-at="2020-12-09T19:15:31Z" name="loginToSwagLabsTestValid" finished-at="2020-12-09T19:15:38Z" duration-ms="6788" status="PASS">
          <reporter-output>
          </reporter-output>
        </test-method> <!-- loginToSwagLabsTestValid -->
        <test-method is-config="true" signature="teardown()[pri:0, instance:tests.Mobile_Android_EMU_Test@31206beb]" started-at="2020-12-09T19:15:38Z" name="teardown" finished-at="2020-12-09T19:15:39Z" duration-ms="369" status="PASS">
          <reporter-output>
          </reporter-output>
        </test-method> <!-- teardown -->
      </class> <!-- tests.Mobile_Android_EMU_Test -->
    </test> <!-- Simple Emulator Test Android -->
  </suite> <!-- Android Mobile Demo Suite -->
</testng-results>
