<?xml version="1.0" encoding="UTF-8"?>
<testng-results ignored="0" total="2" passed="2" failed="0" skipped="0">
  <reporter-output>
  </reporter-output>
  <suite started-at="2020-11-24T16:38:21Z" name="Android Native Demo Suite" finished-at="2020-11-24T16:39:09Z" duration-ms="48245">
    <groups>
    </groups>
    <test started-at="2020-11-24T16:38:21Z" name="Simple execution tests Android" finished-at="2020-11-24T16:39:09Z" duration-ms="48245">
      <class name="tests.BasicTest">
        <test-method is-config="true" signature="setUp()[pri:0, instance:tests.BasicTest@31206beb]" started-at="2020-11-24T16:38:21Z" name="setUp" finished-at="2020-11-24T16:38:31Z" duration-ms="10442" status="PASS">
          <reporter-output>
          </reporter-output>
        </test-method> <!-- setUp -->
        <test-method signature="loginTestValidProblem()[pri:0, instance:tests.BasicTest@31206beb]" started-at="2020-11-24T16:38:31Z" name="loginTestValidProblem" finished-at="2020-11-24T16:38:43Z" duration-ms="11290" status="PASS">
          <reporter-output>
          </reporter-output>
        </test-method> <!-- loginTestValidProblem -->
        <test-method is-config="true" signature="tearDown()[pri:0, instance:tests.BasicTest@31206beb]" started-at="2020-11-24T16:38:43Z" name="tearDown" finished-at="2020-11-24T16:38:44Z" duration-ms="932" status="PASS">
          <reporter-output>
          </reporter-output>
        </test-method> <!-- tearDown -->
        <test-method is-config="true" signature="setUp()[pri:0, instance:tests.BasicTest@31206beb]" started-at="2020-11-24T16:38:44Z" name="setUp" finished-at="2020-11-24T16:38:58Z" duration-ms="14191" status="PASS">
          <reporter-output>
          </reporter-output>
        </test-method> <!-- setUp -->
        <test-method signature="loginToSwagLabsTestValid()[pri:0, instance:tests.BasicTest@31206beb]" started-at="2020-11-24T16:38:58Z" name="loginToSwagLabsTestValid" finished-at="2020-11-24T16:39:08Z" duration-ms="10626" status="PASS">
          <reporter-output>
          </reporter-output>
        </test-method> <!-- loginToSwagLabsTestValid -->
        <test-method is-config="true" signature="tearDown()[pri:0, instance:tests.BasicTest@31206beb]" started-at="2020-11-24T16:39:08Z" name="tearDown" finished-at="2020-11-24T16:39:09Z" duration-ms="744" status="PASS">
          <reporter-output>
          </reporter-output>
        </test-method> <!-- tearDown -->
      </class> <!-- tests.BasicTest -->
    </test> <!-- Simple execution tests Android -->
  </suite> <!-- Android Native Demo Suite -->
</testng-results>
