<?xml version="1.0" encoding="UTF-8"?>
<testng-results ignored="0" total="1" passed="1" failed="0" skipped="0">
  <reporter-output>
  </reporter-output>
  <suite started-at="2020-12-11T19:20:28Z" name="Android Mobile Demo Suite" finished-at="2020-12-11T19:21:05Z" duration-ms="37111">
    <groups>
    </groups>
    <test started-at="2020-12-11T19:20:28Z" name="Simple execution tests Android" finished-at="2020-12-11T19:21:05Z" duration-ms="37111">
      <class name="tests.Mobile_Android_Browser_Test">
        <test-method is-config="true" signature="setUp()[pri:0, instance:tests.Mobile_Android_Browser_Test@365c30cc]" started-at="2020-12-11T19:20:28Z" name="setUp" finished-at="2020-12-11T19:21:00Z" duration-ms="31756" status="PASS">
          <reporter-output>
          </reporter-output>
        </test-method> <!-- setUp -->
        <test-method signature="loginToSwagLabsTestValid()[pri:0, instance:tests.Mobile_Android_Browser_Test@365c30cc]" started-at="2020-12-11T19:21:00Z" name="loginToSwagLabsTestValid" finished-at="2020-12-11T19:21:05Z" duration-ms="5040" status="PASS">
          <reporter-output>
          </reporter-output>
        </test-method> <!-- loginToSwagLabsTestValid -->
        <test-method is-config="true" signature="teardown()[pri:0, instance:tests.Mobile_Android_Browser_Test@365c30cc]" started-at="2020-12-11T19:21:05Z" name="teardown" finished-at="2020-12-11T19:21:05Z" duration-ms="300" status="PASS">
          <reporter-output>
          </reporter-output>
        </test-method> <!-- teardown -->
      </class> <!-- tests.Mobile_Android_Browser_Test -->
    </test> <!-- Simple execution tests Android -->
  </suite> <!-- Android Mobile Demo Suite -->
</testng-results>
